<?xml version="1.0" encoding="UTF-8"?>
<!-- Generated by org.testng.reporters.JUnitReportReporter -->
<testsuite hostname="DESKTOP-5T3ASGR" name="gitTest.GitTest1" tests="1" failures="0" timestamp="18 May 2018 06:59:42 GMT" time="0.018" errors="0">
  <testcase name="display1" time="0.018" classname="gitTest.GitTest1"/>
</testsuite> <!-- gitTest.GitTest1 -->
